<?xml version="1.0" encoding="UTF-8"?>
<!-- Generated by org.testng.reporters.JUnitReportReporter -->
<testsuite hostname="Tushar-PC" name="TestCases.Booking_TC" tests="1" failures="0" timestamp="20 Aug 2017 13:36:59 GMT" time="28.579" errors="0">
  <testcase name="testmethod" time="28.579" classname="TestCases.Booking_TC"/>
</testsuite> <!-- TestCases.Booking_TC -->
